0 info it worked if it ends with ok
1 verbose cli [ '/Users/akka/.nvm/versions/node/v6.9.4/bin/node',
1 verbose cli   '/Users/akka/.nvm/versions/node/v6.9.4/bin/npm',
1 verbose cli   'start' ]
2 info using npm@3.10.10
3 info using node@v6.9.4
4 verbose run-script [ 'prestart', 'start', 'poststart' ]
5 info lifecycle foco@1.7.0~prestart: foco@1.7.0
6 silly lifecycle foco@1.7.0~prestart: no script for prestart, continuing
7 info lifecycle foco@1.7.0~start: foco@1.7.0
8 verbose lifecycle foco@1.7.0~start: unsafe-perm in lifecycle true
9 verbose lifecycle foco@1.7.0~start: PATH: /Users/akka/.nvm/versions/node/v6.9.4/lib/node_modules/npm/bin/node-gyp-bin:/Users/akka/dev/github/foco/node_modules/.bin:/Users/akka/.nvm/versions/node/v6.9.4/bin:/Library/Frameworks/Python.framework/Versions/3.7/bin:/Library/Frameworks/Python.framework/Versions/2.7/bin:/usr/local/bin:/usr/bin:/bin:/usr/sbin:/sbin:/usr/local/MacGPG2/bin:/opt/X11/bin:/Library/Frameworks/Python.framework/Versions/3.7/bin:/Library/Frameworks/Python.framework/Versions/2.7/bin:/Users/akka/Library/Android/sdk/tools:/Users/akka/Library/Android/sdk/platform-tools:/Users/akka/bin:/Users/akka/Library/Android/sdk/tools:/Users/akka/Library/Android/sdk/platform-tools:/Users/akka/bin
10 verbose lifecycle foco@1.7.0~start: CWD: /Users/akka/dev/github/foco
11 silly lifecycle foco@1.7.0~start: Args: [ '-c', 'yarn install && electron ./app' ]
12 silly lifecycle foco@1.7.0~start: Returned: code: 1  signal: null
13 info lifecycle foco@1.7.0~start: Failed to exec start script
14 verbose stack Error: foco@1.7.0 start: `yarn install && electron ./app`
14 verbose stack Exit status 1
14 verbose stack     at EventEmitter.<anonymous> (/Users/akka/.nvm/versions/node/v6.9.4/lib/node_modules/npm/lib/utils/lifecycle.js:255:16)
14 verbose stack     at emitTwo (events.js:106:13)
14 verbose stack     at EventEmitter.emit (events.js:191:7)
14 verbose stack     at ChildProcess.<anonymous> (/Users/akka/.nvm/versions/node/v6.9.4/lib/node_modules/npm/lib/utils/spawn.js:40:14)
14 verbose stack     at emitTwo (events.js:106:13)
14 verbose stack     at ChildProcess.emit (events.js:191:7)
14 verbose stack     at maybeClose (internal/child_process.js:877:16)
14 verbose stack     at Process.ChildProcess._handle.onexit (internal/child_process.js:226:5)
15 verbose pkgid foco@1.7.0
16 verbose cwd /Users/akka/dev/github/foco
17 error Darwin 17.3.0
18 error argv "/Users/akka/.nvm/versions/node/v6.9.4/bin/node" "/Users/akka/.nvm/versions/node/v6.9.4/bin/npm" "start"
19 error node v6.9.4
20 error npm  v3.10.10
21 error code ELIFECYCLE
22 error foco@1.7.0 start: `yarn install && electron ./app`
22 error Exit status 1
23 error Failed at the foco@1.7.0 start script 'yarn install && electron ./app'.
23 error Make sure you have the latest version of node.js and npm installed.
23 error If you do, this is most likely a problem with the foco package,
23 error not with npm itself.
23 error Tell the author that this fails on your system:
23 error     yarn install && electron ./app
23 error You can get information on how to open an issue for this project with:
23 error     npm bugs foco
23 error Or if that isn't available, you can get their info via:
23 error     npm owner ls foco
23 error There is likely additional logging output above.
24 verbose exit [ 1, true ]
